[2026-01-28T03:56:16.593+0000] {processor.py:161} INFO - Started process (PID=156) to work on /opt/airflow/dags/main.py
[2026-01-28T03:56:16.594+0000] {processor.py:830} INFO - Processing file /opt/airflow/dags/main.py for tasks to queue
[2026-01-28T03:56:16.597+0000] {logging_mixin.py:188} INFO - [2026-01-28T03:56:16.596+0000] {dagbag.py:545} INFO - Filling up the DagBag from /opt/airflow/dags/main.py
[2026-01-28T03:56:16.641+0000] {processor.py:840} INFO - DAG(s) 'produce_json' retrieved from /opt/airflow/dags/main.py
[2026-01-28T03:56:16.748+0000] {logging_mixin.py:188} INFO - [2026-01-28T03:56:16.748+0000] {dag.py:3096} INFO - Sync 1 DAGs
[2026-01-28T03:56:16.756+0000] {logging_mixin.py:188} INFO - [2026-01-28T03:56:16.756+0000] {dag.py:3954} INFO - Setting next_dagrun for produce_json to 2026-01-26 22:00:00+00:00, run_after=2026-01-27 22:00:00+00:00
[2026-01-28T03:56:16.764+0000] {processor.py:183} INFO - Processing /opt/airflow/dags/main.py took 0.179 seconds
[2026-01-28T03:56:46.881+0000] {processor.py:161} INFO - Started process (PID=163) to work on /opt/airflow/dags/main.py
[2026-01-28T03:56:46.882+0000] {processor.py:830} INFO - Processing file /opt/airflow/dags/main.py for tasks to queue
[2026-01-28T03:56:46.884+0000] {logging_mixin.py:188} INFO - [2026-01-28T03:56:46.883+0000] {dagbag.py:545} INFO - Filling up the DagBag from /opt/airflow/dags/main.py
[2026-01-28T03:56:46.904+0000] {processor.py:840} INFO - DAG(s) 'produce_json' retrieved from /opt/airflow/dags/main.py
[2026-01-28T03:56:46.920+0000] {logging_mixin.py:188} INFO - [2026-01-28T03:56:46.920+0000] {dag.py:3096} INFO - Sync 1 DAGs
[2026-01-28T03:56:46.931+0000] {logging_mixin.py:188} INFO - [2026-01-28T03:56:46.931+0000] {dag.py:3954} INFO - Setting next_dagrun for produce_json to 2026-01-26 22:00:00+00:00, run_after=2026-01-27 22:00:00+00:00
[2026-01-28T03:56:46.937+0000] {processor.py:183} INFO - Processing /opt/airflow/dags/main.py took 0.065 seconds
[2026-01-28T03:57:07.034+0000] {processor.py:161} INFO - Started process (PID=170) to work on /opt/airflow/dags/main.py
[2026-01-28T03:57:07.035+0000] {processor.py:830} INFO - Processing file /opt/airflow/dags/main.py for tasks to queue
[2026-01-28T03:57:07.036+0000] {logging_mixin.py:188} INFO - [2026-01-28T03:57:07.036+0000] {dagbag.py:545} INFO - Filling up the DagBag from /opt/airflow/dags/main.py
[2026-01-28T03:57:07.055+0000] {processor.py:840} INFO - DAG(s) 'produce_json' retrieved from /opt/airflow/dags/main.py
[2026-01-28T03:57:07.112+0000] {logging_mixin.py:188} INFO - [2026-01-28T03:57:07.112+0000] {dag.py:3096} INFO - Sync 1 DAGs
[2026-01-28T03:57:07.120+0000] {logging_mixin.py:188} INFO - [2026-01-28T03:57:07.120+0000] {dag.py:3954} INFO - Setting next_dagrun for produce_json to 2026-01-26 22:00:00+00:00, run_after=2026-01-27 22:00:00+00:00
[2026-01-28T03:57:07.128+0000] {processor.py:183} INFO - Processing /opt/airflow/dags/main.py took 0.097 seconds
[2026-01-28T03:57:37.360+0000] {processor.py:161} INFO - Started process (PID=177) to work on /opt/airflow/dags/main.py
[2026-01-28T03:57:37.361+0000] {processor.py:830} INFO - Processing file /opt/airflow/dags/main.py for tasks to queue
[2026-01-28T03:57:37.364+0000] {logging_mixin.py:188} INFO - [2026-01-28T03:57:37.363+0000] {dagbag.py:545} INFO - Filling up the DagBag from /opt/airflow/dags/main.py
[2026-01-28T03:57:37.391+0000] {processor.py:840} INFO - DAG(s) 'produce_json' retrieved from /opt/airflow/dags/main.py
[2026-01-28T03:57:37.409+0000] {logging_mixin.py:188} INFO - [2026-01-28T03:57:37.409+0000] {dag.py:3096} INFO - Sync 1 DAGs
[2026-01-28T03:57:37.421+0000] {logging_mixin.py:188} INFO - [2026-01-28T03:57:37.421+0000] {dag.py:3954} INFO - Setting next_dagrun for produce_json to 2026-01-26 22:00:00+00:00, run_after=2026-01-27 22:00:00+00:00
[2026-01-28T03:57:37.429+0000] {processor.py:183} INFO - Processing /opt/airflow/dags/main.py took 0.079 seconds
[2026-01-28T03:58:07.600+0000] {processor.py:161} INFO - Started process (PID=184) to work on /opt/airflow/dags/main.py
[2026-01-28T03:58:07.601+0000] {processor.py:830} INFO - Processing file /opt/airflow/dags/main.py for tasks to queue
[2026-01-28T03:58:07.602+0000] {logging_mixin.py:188} INFO - [2026-01-28T03:58:07.602+0000] {dagbag.py:545} INFO - Filling up the DagBag from /opt/airflow/dags/main.py
[2026-01-28T03:58:07.620+0000] {processor.py:840} INFO - DAG(s) 'produce_json' retrieved from /opt/airflow/dags/main.py
[2026-01-28T03:58:07.635+0000] {logging_mixin.py:188} INFO - [2026-01-28T03:58:07.635+0000] {dag.py:3096} INFO - Sync 1 DAGs
[2026-01-28T03:58:07.646+0000] {logging_mixin.py:188} INFO - [2026-01-28T03:58:07.646+0000] {dag.py:3954} INFO - Setting next_dagrun for produce_json to 2026-01-26 22:00:00+00:00, run_after=2026-01-27 22:00:00+00:00
[2026-01-28T03:58:07.652+0000] {processor.py:183} INFO - Processing /opt/airflow/dags/main.py took 0.057 seconds
[2026-01-28T03:58:37.840+0000] {processor.py:161} INFO - Started process (PID=191) to work on /opt/airflow/dags/main.py
[2026-01-28T03:58:37.841+0000] {processor.py:830} INFO - Processing file /opt/airflow/dags/main.py for tasks to queue
[2026-01-28T03:58:37.842+0000] {logging_mixin.py:188} INFO - [2026-01-28T03:58:37.842+0000] {dagbag.py:545} INFO - Filling up the DagBag from /opt/airflow/dags/main.py
[2026-01-28T03:58:37.859+0000] {processor.py:840} INFO - DAG(s) 'produce_json' retrieved from /opt/airflow/dags/main.py
[2026-01-28T03:58:37.875+0000] {logging_mixin.py:188} INFO - [2026-01-28T03:58:37.875+0000] {dag.py:3096} INFO - Sync 1 DAGs
[2026-01-28T03:58:37.886+0000] {logging_mixin.py:188} INFO - [2026-01-28T03:58:37.885+0000] {dag.py:3954} INFO - Setting next_dagrun for produce_json to 2026-01-27 22:00:00+00:00, run_after=2026-01-28 22:00:00+00:00
[2026-01-28T03:58:37.893+0000] {processor.py:183} INFO - Processing /opt/airflow/dags/main.py took 0.060 seconds
[2026-01-28T03:59:08.094+0000] {processor.py:161} INFO - Started process (PID=198) to work on /opt/airflow/dags/main.py
[2026-01-28T03:59:08.096+0000] {processor.py:830} INFO - Processing file /opt/airflow/dags/main.py for tasks to queue
[2026-01-28T03:59:08.098+0000] {logging_mixin.py:188} INFO - [2026-01-28T03:59:08.098+0000] {dagbag.py:545} INFO - Filling up the DagBag from /opt/airflow/dags/main.py
[2026-01-28T03:59:08.124+0000] {processor.py:840} INFO - DAG(s) 'produce_json' retrieved from /opt/airflow/dags/main.py
[2026-01-28T03:59:08.146+0000] {logging_mixin.py:188} INFO - [2026-01-28T03:59:08.146+0000] {dag.py:3096} INFO - Sync 1 DAGs
[2026-01-28T03:59:08.162+0000] {logging_mixin.py:188} INFO - [2026-01-28T03:59:08.161+0000] {dag.py:3954} INFO - Setting next_dagrun for produce_json to 2026-01-27 22:00:00+00:00, run_after=2026-01-28 22:00:00+00:00
[2026-01-28T03:59:08.170+0000] {processor.py:183} INFO - Processing /opt/airflow/dags/main.py took 0.082 seconds
[2026-01-28T03:59:38.422+0000] {processor.py:161} INFO - Started process (PID=205) to work on /opt/airflow/dags/main.py
[2026-01-28T03:59:38.423+0000] {processor.py:830} INFO - Processing file /opt/airflow/dags/main.py for tasks to queue
[2026-01-28T03:59:38.425+0000] {logging_mixin.py:188} INFO - [2026-01-28T03:59:38.424+0000] {dagbag.py:545} INFO - Filling up the DagBag from /opt/airflow/dags/main.py
[2026-01-28T03:59:38.443+0000] {processor.py:840} INFO - DAG(s) 'produce_json' retrieved from /opt/airflow/dags/main.py
[2026-01-28T03:59:38.457+0000] {logging_mixin.py:188} INFO - [2026-01-28T03:59:38.457+0000] {dag.py:3096} INFO - Sync 1 DAGs
[2026-01-28T03:59:38.467+0000] {logging_mixin.py:188} INFO - [2026-01-28T03:59:38.467+0000] {dag.py:3954} INFO - Setting next_dagrun for produce_json to 2026-01-27 22:00:00+00:00, run_after=2026-01-28 22:00:00+00:00
[2026-01-28T03:59:38.474+0000] {processor.py:183} INFO - Processing /opt/airflow/dags/main.py took 0.056 seconds
[2026-01-28T04:00:08.742+0000] {processor.py:161} INFO - Started process (PID=212) to work on /opt/airflow/dags/main.py
[2026-01-28T04:00:08.743+0000] {processor.py:830} INFO - Processing file /opt/airflow/dags/main.py for tasks to queue
[2026-01-28T04:00:08.746+0000] {logging_mixin.py:188} INFO - [2026-01-28T04:00:08.746+0000] {dagbag.py:545} INFO - Filling up the DagBag from /opt/airflow/dags/main.py
[2026-01-28T04:00:08.779+0000] {processor.py:840} INFO - DAG(s) 'produce_json' retrieved from /opt/airflow/dags/main.py
[2026-01-28T04:00:08.796+0000] {logging_mixin.py:188} INFO - [2026-01-28T04:00:08.796+0000] {dag.py:3096} INFO - Sync 1 DAGs
[2026-01-28T04:00:08.807+0000] {logging_mixin.py:188} INFO - [2026-01-28T04:00:08.807+0000] {dag.py:3954} INFO - Setting next_dagrun for produce_json to 2026-01-27 22:00:00+00:00, run_after=2026-01-28 22:00:00+00:00
[2026-01-28T04:00:08.815+0000] {processor.py:183} INFO - Processing /opt/airflow/dags/main.py took 0.082 seconds
[2026-01-28T04:00:38.987+0000] {processor.py:161} INFO - Started process (PID=219) to work on /opt/airflow/dags/main.py
[2026-01-28T04:00:38.988+0000] {processor.py:830} INFO - Processing file /opt/airflow/dags/main.py for tasks to queue
[2026-01-28T04:00:38.990+0000] {logging_mixin.py:188} INFO - [2026-01-28T04:00:38.990+0000] {dagbag.py:545} INFO - Filling up the DagBag from /opt/airflow/dags/main.py
[2026-01-28T04:00:39.011+0000] {processor.py:840} INFO - DAG(s) 'produce_json' retrieved from /opt/airflow/dags/main.py
[2026-01-28T04:00:39.026+0000] {logging_mixin.py:188} INFO - [2026-01-28T04:00:39.026+0000] {dag.py:3096} INFO - Sync 1 DAGs
[2026-01-28T04:00:39.037+0000] {logging_mixin.py:188} INFO - [2026-01-28T04:00:39.037+0000] {dag.py:3954} INFO - Setting next_dagrun for produce_json to 2026-01-27 22:00:00+00:00, run_after=2026-01-28 22:00:00+00:00
[2026-01-28T04:00:39.043+0000] {processor.py:183} INFO - Processing /opt/airflow/dags/main.py took 0.063 seconds
[2026-01-28T04:01:09.339+0000] {processor.py:161} INFO - Started process (PID=226) to work on /opt/airflow/dags/main.py
[2026-01-28T04:01:09.354+0000] {processor.py:830} INFO - Processing file /opt/airflow/dags/main.py for tasks to queue
[2026-01-28T04:01:09.363+0000] {logging_mixin.py:188} INFO - [2026-01-28T04:01:09.362+0000] {dagbag.py:545} INFO - Filling up the DagBag from /opt/airflow/dags/main.py
[2026-01-28T04:01:09.389+0000] {processor.py:840} INFO - DAG(s) 'produce_json' retrieved from /opt/airflow/dags/main.py
[2026-01-28T04:01:09.406+0000] {logging_mixin.py:188} INFO - [2026-01-28T04:01:09.405+0000] {dag.py:3096} INFO - Sync 1 DAGs
[2026-01-28T04:01:09.416+0000] {logging_mixin.py:188} INFO - [2026-01-28T04:01:09.416+0000] {dag.py:3954} INFO - Setting next_dagrun for produce_json to 2026-01-27 22:00:00+00:00, run_after=2026-01-28 22:00:00+00:00
[2026-01-28T04:01:09.423+0000] {processor.py:183} INFO - Processing /opt/airflow/dags/main.py took 0.095 seconds
